[27-May-2016 12:55:09 Europe/Berlin] PHP Warning:  Illegal string offset 'filenaam' in D:\projecten\I-Project-EenmaalAndermaal\php\views\veiling.php on line 16
[27-May-2016 12:55:09 Europe/Berlin] PHP Notice:  Undefined variable: veiling in D:\projecten\I-Project-EenmaalAndermaal\php\views\veiling.php on line 16
[27-May-2016 12:55:09 Europe/Berlin] PHP Warning:  Illegal string offset 'filenaam' in D:\projecten\I-Project-EenmaalAndermaal\php\views\veiling.php on line 16
[27-May-2016 12:55:09 Europe/Berlin] PHP Notice:  Undefined variable: veiling in D:\projecten\I-Project-EenmaalAndermaal\php\views\veiling.php on line 16
[27-May-2016 12:56:42 Europe/Berlin] PHP Warning:  Illegal string offset 'filenaam' in D:\projecten\I-Project-EenmaalAndermaal\php\views\veiling.php on line 16
[27-May-2016 12:56:42 Europe/Berlin] PHP Warning:  Illegal string offset 'filenaam' in D:\projecten\I-Project-EenmaalAndermaal\php\views\veiling.php on line 16
[27-May-2016 12:56:43 Europe/Berlin] PHP Warning:  Illegal string offset 'filenaam' in D:\projecten\I-Project-EenmaalAndermaal\php\views\veiling.php on line 16
[27-May-2016 12:56:43 Europe/Berlin] PHP Warning:  Illegal string offset 'filenaam' in D:\projecten\I-Project-EenmaalAndermaal\php\views\veiling.php on line 16
[27-May-2016 12:56:43 Europe/Berlin] PHP Warning:  Illegal string offset 'filenaam' in D:\projecten\I-Project-EenmaalAndermaal\php\views\veiling.php on line 16
[27-May-2016 12:56:43 Europe/Berlin] PHP Warning:  Illegal string offset 'filenaam' in D:\projecten\I-Project-EenmaalAndermaal\php\views\veiling.php on line 16
[27-May-2016 12:56:44 Europe/Berlin] PHP Warning:  Illegal string offset 'filenaam' in D:\projecten\I-Project-EenmaalAndermaal\php\views\veiling.php on line 16
[27-May-2016 12:56:44 Europe/Berlin] PHP Warning:  Illegal string offset 'filenaam' in D:\projecten\I-Project-EenmaalAndermaal\php\views\veiling.php on line 16
[27-May-2016 12:56:44 Europe/Berlin] PHP Warning:  Illegal string offset 'filenaam' in D:\projecten\I-Project-EenmaalAndermaal\php\views\veiling.php on line 16
[27-May-2016 12:56:44 Europe/Berlin] PHP Warning:  Illegal string offset 'filenaam' in D:\projecten\I-Project-EenmaalAndermaal\php\views\veiling.php on line 16
[27-May-2016 12:56:44 Europe/Berlin] PHP Warning:  Illegal string offset 'filenaam' in D:\projecten\I-Project-EenmaalAndermaal\php\views\veiling.php on line 16
[27-May-2016 12:56:44 Europe/Berlin] PHP Warning:  Illegal string offset 'filenaam' in D:\projecten\I-Project-EenmaalAndermaal\php\views\veiling.php on line 16
[27-May-2016 12:56:45 Europe/Berlin] PHP Warning:  Illegal string offset 'filenaam' in D:\projecten\I-Project-EenmaalAndermaal\php\views\veiling.php on line 16
[27-May-2016 12:56:45 Europe/Berlin] PHP Warning:  Illegal string offset 'filenaam' in D:\projecten\I-Project-EenmaalAndermaal\php\views\veiling.php on line 16
[27-May-2016 12:56:45 Europe/Berlin] PHP Warning:  Illegal string offset 'filenaam' in D:\projecten\I-Project-EenmaalAndermaal\php\views\veiling.php on line 16
[27-May-2016 12:56:45 Europe/Berlin] PHP Warning:  Illegal string offset 'filenaam' in D:\projecten\I-Project-EenmaalAndermaal\php\views\veiling.php on line 16
[27-May-2016 12:56:45 Europe/Berlin] PHP Warning:  Illegal string offset 'filenaam' in D:\projecten\I-Project-EenmaalAndermaal\php\views\veiling.php on line 16
[27-May-2016 12:56:45 Europe/Berlin] PHP Warning:  Illegal string offset 'filenaam' in D:\projecten\I-Project-EenmaalAndermaal\php\views\veiling.php on line 16
[27-May-2016 12:56:50 Europe/Berlin] PHP Warning:  Illegal string offset 'filenaam' in D:\projecten\I-Project-EenmaalAndermaal\php\views\veiling.php on line 16
[27-May-2016 12:56:50 Europe/Berlin] PHP Warning:  Illegal string offset 'filenaam' in D:\projecten\I-Project-EenmaalAndermaal\php\views\veiling.php on line 16
[27-May-2016 12:57:18 Europe/Berlin] PHP Warning:  Illegal string offset 'filenaam' in D:\projecten\I-Project-EenmaalAndermaal\php\views\veiling.php on line 16
[27-May-2016 12:57:18 Europe/Berlin] PHP Warning:  Illegal string offset 'filenaam' in D:\projecten\I-Project-EenmaalAndermaal\php\views\veiling.php on line 16
[27-May-2016 12:57:18 Europe/Berlin] PHP Warning:  Illegal string offset 'filenaam' in D:\projecten\I-Project-EenmaalAndermaal\php\views\veiling.php on line 16
[27-May-2016 12:57:18 Europe/Berlin] PHP Warning:  Illegal string offset 'filenaam' in D:\projecten\I-Project-EenmaalAndermaal\php\views\veiling.php on line 16
[27-May-2016 12:57:19 Europe/Berlin] PHP Warning:  Illegal string offset 'filenaam' in D:\projecten\I-Project-EenmaalAndermaal\php\views\veiling.php on line 16
[27-May-2016 12:57:19 Europe/Berlin] PHP Warning:  Illegal string offset 'filenaam' in D:\projecten\I-Project-EenmaalAndermaal\php\views\veiling.php on line 16
[27-May-2016 12:57:20 Europe/Berlin] PHP Warning:  Illegal string offset 'filenaam' in D:\projecten\I-Project-EenmaalAndermaal\php\views\veiling.php on line 16
[27-May-2016 12:57:20 Europe/Berlin] PHP Warning:  Illegal string offset 'filenaam' in D:\projecten\I-Project-EenmaalAndermaal\php\views\veiling.php on line 16
[27-May-2016 12:57:34 Europe/Berlin] PHP Warning:  Illegal string offset 'filenaam' in D:\projecten\I-Project-EenmaalAndermaal\php\views\veiling.php on line 16
[27-May-2016 12:57:34 Europe/Berlin] PHP Warning:  Illegal string offset 'filenaam' in D:\projecten\I-Project-EenmaalAndermaal\php\views\veiling.php on line 16
[27-May-2016 12:58:11 Europe/Berlin] PHP Warning:  Illegal string offset 'filenaam' in D:\projecten\I-Project-EenmaalAndermaal\php\views\veiling.php on line 16
[27-May-2016 12:58:11 Europe/Berlin] PHP Warning:  Illegal string offset 'filenaam' in D:\projecten\I-Project-EenmaalAndermaal\php\views\veiling.php on line 16
[27-May-2016 12:58:23 Europe/Berlin] PHP Warning:  Illegal string offset 'filenaam' in D:\projecten\I-Project-EenmaalAndermaal\php\views\veiling.php on line 17
[27-May-2016 12:58:23 Europe/Berlin] PHP Warning:  Illegal string offset 'filenaam' in D:\projecten\I-Project-EenmaalAndermaal\php\views\veiling.php on line 17
[27-May-2016 12:58:24 Europe/Berlin] PHP Warning:  Illegal string offset 'filenaam' in D:\projecten\I-Project-EenmaalAndermaal\php\views\veiling.php on line 17
[27-May-2016 12:58:24 Europe/Berlin] PHP Warning:  Illegal string offset 'filenaam' in D:\projecten\I-Project-EenmaalAndermaal\php\views\veiling.php on line 17
[27-May-2016 14:26:00 Europe/Berlin] PHP Warning:  preg_replace(): Unknown modifier 't' in D:\projecten\I-Project-EenmaalAndermaal\php\views\veiling.php on line 39
[30-May-2016 10:14:30 Europe/Berlin] PHP Parse error:  syntax error, unexpected '$result' (T_VARIABLE) in D:\projecten\I-Project-EenmaalAndermaal\php\veiling.php on line 201
[30-May-2016 11:44:35 Europe/Berlin] PHP Notice:  Undefined variable: veiling in D:\projecten\I-Project-EenmaalAndermaal\php\routes\veilingen.php on line 58
[30-May-2016 11:44:37 Europe/Berlin] PHP Notice:  Undefined variable: veiling in D:\projecten\I-Project-EenmaalAndermaal\php\routes\veilingen.php on line 58
[01-Jun-2016 12:45:10 Europe/Berlin] PHP Fatal error:  Maximum execution time of 30 seconds exceeded in D:\projecten\I-Project-EenmaalAndermaal\php\veiling.php on line 111
